<?xml version="1.0" encoding="UTF-8"?>
<!-- Generated by org.testng.reporters.JUnitReportReporter -->
<testsuite hostname="DESKTOP-2JNUNH2" failures="0" tests="2" name="test42.MethodlevelAnnotation" time="0.011" errors="0" timestamp="2025-06-19T13:47:55 IST" skipped="0">
  <testcase classname="test42.MethodlevelAnnotation" name="search" time="0.005"/>
  <testcase classname="test42.MethodlevelAnnotation" name="AdvanceSearch" time="0.006"/>
</testsuite> <!-- test42.MethodlevelAnnotation -->
