<?xml version="1.0" encoding="UTF-8"?>
<!-- Generated by org.testng.reporters.JUnitReportReporter -->
<testsuite hostname="DESKTOP-2JNUNH2" failures="0" tests="2" name="test42.MethodLevelAnnotations" time="0.029" errors="0" timestamp="2025-06-19T13:33:27 IST" skipped="0">
  <testcase classname="test42.MethodLevelAnnotations" name="search" time="0.013"/>
  <testcase classname="test42.MethodLevelAnnotations" name="AdvanceSearch" time="0.016"/>
</testsuite> <!-- test42.MethodLevelAnnotations -->
