<?xml version="1.0" encoding="UTF-8"?>
<!-- Generated by org.testng.reporters.JUnitReportReporter -->
<testsuite hostname="DESKTOP-2JNUNH2" failures="0" tests="2" name="test42.ClasslevelAnnotation" time="0.010" errors="0" timestamp="2025-06-19T13:40:18 IST" skipped="0">
  <testcase classname="test42.ClasslevelAnnotation" name="search" time="0.008"/>
  <testcase classname="test42.ClasslevelAnnotation" name="AdvanceSearch" time="0.002"/>
</testsuite> <!-- test42.ClasslevelAnnotation -->
