<?xml version="1.0" encoding="UTF-8"?>
<!-- Generated by org.testng.reporters.JUnitReportReporter -->
<testsuite hostname="DESKTOP-2JNUNH2" failures="0" tests="9" name="test44.ParallelTesting" time="1.174" errors="0" timestamp="2025-06-20T09:09:45 IST" skipped="0">
  <testcase classname="test44.ParallelTesting" name="verifylogo" time="0.087"/>
  <testcase classname="test44.ParallelTesting" name="verifylogo" time="0.776"/>
  <testcase classname="test44.ParallelTesting" name="verifylogo" time="0.079"/>
  <testcase classname="test44.ParallelTesting" name="testtitle" time="0.169"/>
  <testcase classname="test44.ParallelTesting" name="testtitle" time="0.014"/>
  <testcase classname="test44.ParallelTesting" name="testtitle" time="0.010"/>
  <testcase classname="test44.ParallelTesting" name="testurl" time="0.020"/>
  <testcase classname="test44.ParallelTesting" name="testurl" time="0.013"/>
  <testcase classname="test44.ParallelTesting" name="testurl" time="0.006"/>
</testsuite> <!-- test44.ParallelTesting -->
