<?xml version="1.0" encoding="UTF-8"?>
<!-- Generated by org.testng.reporters.JUnitReportReporter -->
<testsuite hostname="DESKTOP-2JNUNH2" failures="0" tests="3" name="test43.LoginAccount" time="0.017" errors="0" timestamp="2025-06-19T19:42:28 IST" skipped="0">
  <testcase classname="test43.LoginAccount" name="facebook" time="0.011"/>
  <testcase classname="test43.LoginAccount" name="Email" time="0.004"/>
  <testcase classname="test43.LoginAccount" name="twitter" time="0.002"/>
</testsuite> <!-- test43.LoginAccount -->
