<?xml version="1.0" encoding="UTF-8"?>
<!-- Generated by org.testng.reporters.JUnitReportReporter -->
<testsuite hostname="DESKTOP-2JNUNH2" failures="0" tests="2" name="test42.SuitelevelAnnotation" time="0.018" errors="0" timestamp="2025-06-19T14:14:41 IST" skipped="0">
  <testcase classname="test42.SuitelevelAnnotation" name="m1" time="0.011"/>
  <testcase classname="test42.SuitelevelAnnotation" name="m2" time="0.007"/>
</testsuite> <!-- test42.SuitelevelAnnotation -->
