<?xml version="1.0" encoding="UTF-8"?>
<!-- Generated by org.testng.reporters.JUnitReportReporter -->
<testsuite hostname="DESKTOP-2JNUNH2" failures="0" tests="3" name="test42.OrangeHrm" time="5.605" errors="0" timestamp="2025-06-19T10:38:24 IST" skipped="0">
  <testcase classname="test42.OrangeHrm" name="openapp" time="4.853"/>
  <testcase classname="test42.OrangeHrm" name="login" time="0.747"/>
  <testcase classname="test42.OrangeHrm" name="logout" time="0.005"/>
</testsuite> <!-- test42.OrangeHrm -->
