<?xml version="1.0" encoding="UTF-8"?>
<!-- Generated by org.testng.reporters.JUnitReportReporter -->
<testsuite hostname="DESKTOP-2JNUNH2" failures="0" tests="3" name="test43.SigninAccount" time="0.016" errors="0" timestamp="2025-06-19T19:41:57 IST" skipped="0">
  <testcase classname="test43.SigninAccount" name="Signfacebook" time="0.011"/>
  <testcase classname="test43.SigninAccount" name="SignEmail" time="0.002"/>
  <testcase classname="test43.SigninAccount" name="twitter" time="0.003"/>
</testsuite> <!-- test43.SigninAccount -->
