<?xml version="1.0" encoding="UTF-8"?>
<!-- Generated by org.testng.reporters.JUnitReportReporter -->
<testsuite hostname="DESKTOP-2JNUNH2" failures="0" tests="2" name="test43.PaymentAccount" time="0.010" errors="0" timestamp="2025-06-19T19:44:57 IST" skipped="0">
  <testcase classname="test43.PaymentAccount" name="PaymentRupees" time="0.009"/>
  <testcase classname="test43.PaymentAccount" name="PaymentDollars" time="0.001"/>
</testsuite> <!-- test43.PaymentAccount -->
