<?xml version="1.0" encoding="UTF-8"?>
<!-- Generated by org.testng.reporters.JUnitReportReporter -->
<testsuite hostname="DESKTOP-2JNUNH2" failures="0" tests="1" name="test42.FirstTestCase" time="0.002" errors="0" timestamp="2025-06-19T10:38:24 IST" skipped="0">
  <testcase classname="test42.FirstTestCase" name="openapp" time="0.002"/>
</testsuite> <!-- test42.FirstTestCase -->
