<?xml version="1.0" encoding="UTF-8"?>
<!-- Generated by org.testng.reporters.JUnitReportReporter -->
<testsuite hostname="DESKTOP-2JNUNH2" failures="0" tests="1" name="testCases.TC002_LoginHomeTest" time="3.579" errors="0" timestamp="2025-06-23T13:47:38 IST" skipped="0">
  <testcase classname="testCases.TC002_LoginHomeTest" name="Login" time="3.579"/>
</testsuite> <!-- testCases.TC002_LoginHomeTest -->
