<?xml version="1.0" encoding="UTF-8"?>
<!-- Generated by org.testng.reporters.JUnitReportReporter -->
<testsuite hostname="DESKTOP-2JNUNH2" failures="0" tests="1" name="testCases.TC001_LoginTest" time="2.782" errors="0" timestamp="2025-06-21T11:16:29 IST" skipped="0">
  <testcase classname="testCases.TC001_LoginTest" name="Login" time="2.782"/>
</testsuite> <!-- testCases.TC001_LoginTest -->
